2025-07-14 08:19:07 Loading main app package /usr/lib/obsidian/obsidian.asar
2025-07-14 08:19:07 Checking for update using Github
2025-07-14 08:19:08 Success.
2025-07-14 08:19:08 Latest version is 1.8.10
2025-07-14 08:19:08 App is up to date.
2025-07-15 02:09:28 Loading main app package /usr/lib/obsidian/obsidian.asar
2025-07-15 02:09:28 Checking for update using Github
2025-07-15 02:09:28 Success.
2025-07-15 02:09:28 Latest version is 1.8.10
2025-07-15 02:09:28 App is up to date.
2025-07-15 02:30:01 Loading main app package /usr/lib/obsidian/obsidian.asar
2025-07-15 02:30:01 Checking for update using Github
2025-07-15 02:30:01 Success.
2025-07-15 02:30:01 Latest version is 1.8.10
2025-07-15 02:30:01 App is up to date.
2025-07-15 02:30:52 Loading main app package /usr/lib/obsidian/obsidian.asar
2025-07-15 02:30:52 Checking for update using Github
2025-07-15 02:32:52 Loading main app package /usr/lib/obsidian/obsidian.asar
2025-07-15 02:32:52 Checking for update using Github
2025-07-15 02:32:52 Success.
2025-07-15 02:32:52 Latest version is 1.8.10
2025-07-15 02:32:52 App is up to date.
2025-07-15 03:06:17 Loading main app package /usr/lib/obsidian/obsidian.asar
2025-07-15 03:06:17 Checking for update using Github
2025-07-15 03:06:17 Success.
2025-07-15 03:06:17 Latest version is 1.8.10
2025-07-15 03:06:17 App is up to date.
2025-07-15 13:14:11 Loading main app package /usr/lib/obsidian/obsidian.asar
2025-07-15 13:14:11 Checking for update using Github
2025-07-15 13:14:11 Success.
2025-07-15 13:14:11 Latest version is 1.8.10
2025-07-15 13:14:11 App is up to date.
2025-07-15 14:14:11 Checking for update using Github
2025-07-15 14:14:11 Success.
2025-07-15 14:14:11 Latest version is 1.8.10
2025-07-15 14:14:11 App is up to date.
2025-07-16 02:43:21 Loading main app package /usr/lib/obsidian/obsidian.asar
2025-07-16 02:43:21 Checking for update using Github
2025-07-16 02:43:21 Success.
2025-07-16 02:43:21 Latest version is 1.8.10
2025-07-16 02:43:21 App is up to date.
2025-07-16 02:44:00 Loading main app package /usr/lib/obsidian/obsidian.asar
2025-07-16 02:44:00 Checking for update using Github
2025-07-16 02:44:00 Success.
2025-07-16 02:44:00 Latest version is 1.8.10
2025-07-16 02:44:00 App is up to date.
2025-07-16 03:44:00 Checking for update using Github
2025-07-16 03:44:00 Success.
2025-07-16 03:44:00 Latest version is 1.8.10
2025-07-16 03:44:00 App is up to date.
2025-07-16 09:01:19 Loading main app package /usr/lib/obsidian/obsidian.asar
2025-07-16 09:01:20 Checking for update using Github
2025-07-16 09:01:20 Success.
2025-07-16 09:01:20 Latest version is 1.8.10
2025-07-16 09:01:20 App is up to date.
2025-07-16 10:01:19 Checking for update using Github
2025-07-16 10:01:19 Success.
2025-07-16 10:01:19 Latest version is 1.8.10
2025-07-16 10:01:19 App is up to date.
